Determining if the Q_WS_WIN exist failed with the following output:
Change Dir: /home/user/adjustable-clock/plasmoid-adjustable-clock/build/CMakeFiles/CMakeTmp

Run Build Command:/usr/bin/gmake "cmTryCompileExec163629092/fast"
/usr/bin/gmake -f CMakeFiles/cmTryCompileExec163629092.dir/build.make CMakeFiles/cmTryCompileExec163629092.dir/build
gmake[1]: Entering directory `/home/user/adjustable-clock/plasmoid-adjustable-clock/build/CMakeFiles/CMakeTmp'
/usr/bin/cmake -E cmake_progress_report /home/user/adjustable-clock/plasmoid-adjustable-clock/build/CMakeFiles/CMakeTmp/CMakeFiles 1
Building C object CMakeFiles/cmTryCompileExec163629092.dir/CheckSymbolExists.c.o
/usr/bin/gcc    -o CMakeFiles/cmTryCompileExec163629092.dir/CheckSymbolExists.c.o   -c /home/user/adjustable-clock/plasmoid-adjustable-clock/build/CMakeFiles/CMakeTmp/CheckSymbolExists.c
/home/user/adjustable-clock/plasmoid-adjustable-clock/build/CMakeFiles/CMakeTmp/CheckSymbolExists.c: In function ‘main’:
/home/user/adjustable-clock/plasmoid-adjustable-clock/build/CMakeFiles/CMakeTmp/CheckSymbolExists.c:8:19: error: ‘Q_WS_WIN’ undeclared (first use in this function)
/home/user/adjustable-clock/plasmoid-adjustable-clock/build/CMakeFiles/CMakeTmp/CheckSymbolExists.c:8:19: note: each undeclared identifier is reported only once for each function it appears in
gmake[1]: Leaving directory `/home/user/adjustable-clock/plasmoid-adjustable-clock/build/CMakeFiles/CMakeTmp'
gmake[1]: *** [CMakeFiles/cmTryCompileExec163629092.dir/CheckSymbolExists.c.o] Error 1
gmake: *** [cmTryCompileExec163629092/fast] Error 2

File /home/user/adjustable-clock/plasmoid-adjustable-clock/build/CMakeFiles/CMakeTmp/CheckSymbolExists.c:
/* */
#include <QtCore/qglobal.h>

int main(int argc, char** argv)
{
  (void)argv;
#ifndef Q_WS_WIN
  return ((int*)(&Q_WS_WIN))[argc];
#else
  (void)argc;
  return 0;
#endif
}

Determining if the Q_WS_QWS exist failed with the following output:
Change Dir: /home/user/adjustable-clock/plasmoid-adjustable-clock/build/CMakeFiles/CMakeTmp

Run Build Command:/usr/bin/gmake "cmTryCompileExec3011757669/fast"
/usr/bin/gmake -f CMakeFiles/cmTryCompileExec3011757669.dir/build.make CMakeFiles/cmTryCompileExec3011757669.dir/build
gmake[1]: Entering directory `/home/user/adjustable-clock/plasmoid-adjustable-clock/build/CMakeFiles/CMakeTmp'
/usr/bin/cmake -E cmake_progress_report /home/user/adjustable-clock/plasmoid-adjustable-clock/build/CMakeFiles/CMakeTmp/CMakeFiles 1
Building C object CMakeFiles/cmTryCompileExec3011757669.dir/CheckSymbolExists.c.o
/usr/bin/gcc    -o CMakeFiles/cmTryCompileExec3011757669.dir/CheckSymbolExists.c.o   -c /home/user/adjustable-clock/plasmoid-adjustable-clock/build/CMakeFiles/CMakeTmp/CheckSymbolExists.c
/home/user/adjustable-clock/plasmoid-adjustable-clock/build/CMakeFiles/CMakeTmp/CheckSymbolExists.c: In function ‘main’:
/home/user/adjustable-clock/plasmoid-adjustable-clock/build/CMakeFiles/CMakeTmp/CheckSymbolExists.c:8:19: error: ‘Q_WS_QWS’ undeclared (first use in this function)
/home/user/adjustable-clock/plasmoid-adjustable-clock/build/CMakeFiles/CMakeTmp/CheckSymbolExists.c:8:19: note: each undeclared identifier is reported only once for each function it appears in
gmake[1]: Leaving directory `/home/user/adjustable-clock/plasmoid-adjustable-clock/build/CMakeFiles/CMakeTmp'
gmake[1]: *** [CMakeFiles/cmTryCompileExec3011757669.dir/CheckSymbolExists.c.o] Error 1
gmake: *** [cmTryCompileExec3011757669/fast] Error 2

File /home/user/adjustable-clock/plasmoid-adjustable-clock/build/CMakeFiles/CMakeTmp/CheckSymbolExists.c:
/* */
#include <QtCore/qglobal.h>

int main(int argc, char** argv)
{
  (void)argv;
#ifndef Q_WS_QWS
  return ((int*)(&Q_WS_QWS))[argc];
#else
  (void)argc;
  return 0;
#endif
}

Determining if the Q_WS_MAC exist failed with the following output:
Change Dir: /home/user/adjustable-clock/plasmoid-adjustable-clock/build/CMakeFiles/CMakeTmp

Run Build Command:/usr/bin/gmake "cmTryCompileExec98467619/fast"
/usr/bin/gmake -f CMakeFiles/cmTryCompileExec98467619.dir/build.make CMakeFiles/cmTryCompileExec98467619.dir/build
gmake[1]: Entering directory `/home/user/adjustable-clock/plasmoid-adjustable-clock/build/CMakeFiles/CMakeTmp'
/usr/bin/cmake -E cmake_progress_report /home/user/adjustable-clock/plasmoid-adjustable-clock/build/CMakeFiles/CMakeTmp/CMakeFiles 1
Building C object CMakeFiles/cmTryCompileExec98467619.dir/CheckSymbolExists.c.o
/usr/bin/gcc    -o CMakeFiles/cmTryCompileExec98467619.dir/CheckSymbolExists.c.o   -c /home/user/adjustable-clock/plasmoid-adjustable-clock/build/CMakeFiles/CMakeTmp/CheckSymbolExists.c
/home/user/adjustable-clock/plasmoid-adjustable-clock/build/CMakeFiles/CMakeTmp/CheckSymbolExists.c: In function ‘main’:
/home/user/adjustable-clock/plasmoid-adjustable-clock/build/CMakeFiles/CMakeTmp/CheckSymbolExists.c:8:19: error: ‘Q_WS_MAC’ undeclared (first use in this function)
/home/user/adjustable-clock/plasmoid-adjustable-clock/build/CMakeFiles/CMakeTmp/CheckSymbolExists.c:8:19: note: each undeclared identifier is reported only once for each function it appears in
gmake[1]: Leaving directory `/home/user/adjustable-clock/plasmoid-adjustable-clock/build/CMakeFiles/CMakeTmp'
gmake[1]: *** [CMakeFiles/cmTryCompileExec98467619.dir/CheckSymbolExists.c.o] Error 1
gmake: *** [cmTryCompileExec98467619/fast] Error 2

File /home/user/adjustable-clock/plasmoid-adjustable-clock/build/CMakeFiles/CMakeTmp/CheckSymbolExists.c:
/* */
#include <QtCore/qglobal.h>

int main(int argc, char** argv)
{
  (void)argv;
#ifndef Q_WS_MAC
  return ((int*)(&Q_WS_MAC))[argc];
#else
  (void)argc;
  return 0;
#endif
}

Determining if the pthread_create exist failed with the following output:
Change Dir: /home/user/adjustable-clock/plasmoid-adjustable-clock/build/CMakeFiles/CMakeTmp

Run Build Command:/usr/bin/gmake "cmTryCompileExec1642269239/fast"
/usr/bin/gmake -f CMakeFiles/cmTryCompileExec1642269239.dir/build.make CMakeFiles/cmTryCompileExec1642269239.dir/build
gmake[1]: Entering directory `/home/user/adjustable-clock/plasmoid-adjustable-clock/build/CMakeFiles/CMakeTmp'
/usr/bin/cmake -E cmake_progress_report /home/user/adjustable-clock/plasmoid-adjustable-clock/build/CMakeFiles/CMakeTmp/CMakeFiles 1
Building C object CMakeFiles/cmTryCompileExec1642269239.dir/CheckSymbolExists.c.o
/usr/bin/gcc    -o CMakeFiles/cmTryCompileExec1642269239.dir/CheckSymbolExists.c.o   -c /home/user/adjustable-clock/plasmoid-adjustable-clock/build/CMakeFiles/CMakeTmp/CheckSymbolExists.c
Linking C executable cmTryCompileExec1642269239
/usr/bin/cmake -E cmake_link_script CMakeFiles/cmTryCompileExec1642269239.dir/link.txt --verbose=1
/usr/bin/gcc         CMakeFiles/cmTryCompileExec1642269239.dir/CheckSymbolExists.c.o  -o cmTryCompileExec1642269239 -rdynamic 
CMakeFiles/cmTryCompileExec1642269239.dir/CheckSymbolExists.c.o: In function `main':
CheckSymbolExists.c:(.text+0x16): undefined reference to `pthread_create'
collect2: error: ld returned 1 exit status
gmake[1]: Leaving directory `/home/user/adjustable-clock/plasmoid-adjustable-clock/build/CMakeFiles/CMakeTmp'
gmake[1]: *** [cmTryCompileExec1642269239] Error 1
gmake: *** [cmTryCompileExec1642269239/fast] Error 2

File /home/user/adjustable-clock/plasmoid-adjustable-clock/build/CMakeFiles/CMakeTmp/CheckSymbolExists.c:
/* */
#include <pthread.h>

int main(int argc, char** argv)
{
  (void)argv;
#ifndef pthread_create
  return ((int*)(&pthread_create))[argc];
#else
  (void)argc;
  return 0;
#endif
}

Determining if the function pthread_create exists in the pthreads failed with the following output:
Change Dir: /home/user/adjustable-clock/plasmoid-adjustable-clock/build/CMakeFiles/CMakeTmp

Run Build Command:/usr/bin/gmake "cmTryCompileExec4090374124/fast"
/usr/bin/gmake -f CMakeFiles/cmTryCompileExec4090374124.dir/build.make CMakeFiles/cmTryCompileExec4090374124.dir/build
gmake[1]: Entering directory `/home/user/adjustable-clock/plasmoid-adjustable-clock/build/CMakeFiles/CMakeTmp'
/usr/bin/cmake -E cmake_progress_report /home/user/adjustable-clock/plasmoid-adjustable-clock/build/CMakeFiles/CMakeTmp/CMakeFiles 1
Building C object CMakeFiles/cmTryCompileExec4090374124.dir/CheckFunctionExists.c.o
/usr/bin/gcc   -DCHECK_FUNCTION_EXISTS=pthread_create   -o CMakeFiles/cmTryCompileExec4090374124.dir/CheckFunctionExists.c.o   -c /usr/share/cmake/Modules/CheckFunctionExists.c
Linking C executable cmTryCompileExec4090374124
/usr/bin/cmake -E cmake_link_script CMakeFiles/cmTryCompileExec4090374124.dir/link.txt --verbose=1
/usr/bin/gcc     -DCHECK_FUNCTION_EXISTS=pthread_create    CMakeFiles/cmTryCompileExec4090374124.dir/CheckFunctionExists.c.o  -o cmTryCompileExec4090374124 -rdynamic -lpthreads 
/usr/bin/ld: cannot find -lpthreads
collect2: error: ld returned 1 exit status
gmake[1]: Leaving directory `/home/user/adjustable-clock/plasmoid-adjustable-clock/build/CMakeFiles/CMakeTmp'
gmake[1]: *** [cmTryCompileExec4090374124] Error 1
gmake: *** [cmTryCompileExec4090374124/fast] Error 2


